<?xml version="1.0"?><coverage lines-covered="423" lines-valid="423" line-rate="1" branches-covered="0" branches-valid="0" branch-rate="0" complexity="0" version="1.9" timestamp="1782699028"><sources><source>/Users/samuel/repos/cdd-control-plane</source></sources><packages><package name="src" line-rate="1" branch-rate="0" complexity="0"><classes><class name="config" filename="src/config.rs" line-rate="1" branch-rate="0" complexity="0"><methods/><lines><line number="38" hits="14"/><line number="39" hits="28"/><line number="41" hits="14"/><line number="43" hits="14"/><line number="45" hits="14"/><line number="47" hits="14"/><line number="49" hits="14"/><line number="51" hits="16"/><line number="52" hits="5"/><line number="55" hits="14"/><line number="56" hits="70"/><line number="58" hits="14"/><line number="60" hits="14"/></lines></class><class name="crypto" filename="src/crypto.rs" line-rate="1" branch-rate="0" complexity="0"><methods/><lines><line number="15" hits="3"/><line number="19" hits="5"/><line number="20" hits="6"/><line number="21" hits="4"/><line number="23" hits="2"/><line number="24" hits="1"/><line number="27" hits="2"/><line number="28" hits="3"/><line number="29" hits="3"/><line number="31" hits="2"/><line number="32" hits="3"/><line number="33" hits="1"/><line number="34" hits="2"/><line number="38" hits="3"/><line number="42" hits="6"/><line number="43" hits="9"/><line number="44" hits="12"/><line number="45" hits="9"/><line number="47" hits="9"/><line number="48" hits="9"/><line number="49" hits="9"/><line number="51" hits="6"/><line number="52" hits="12"/><line number="53" hits="3"/><line number="55" hits="6"/><line number="56" hits="9"/><line number="57" hits="6"/><line number="61" hits="3"/><line number="65" hits="6"/><line number="66" hits="9"/><line number="67" hits="12"/><line number="68" hits="9"/><line number="70" hits="9"/><line number="71" hits="9"/><line number="73" hits="5"/><line number="74" hits="6"/><line number="75" hits="4"/><line number="76" hits="2"/><line number="77" hits="1"/><line number="81" hits="3"/><line number="82" hits="2"/><line number="83" hits="3"/><line number="84" hits="1"/><line number="86" hits="3"/></lines></class><class name="error" filename="src/error.rs" line-rate="1" branch-rate="0" complexity="0"><methods/><lines><line number="40" hits="24"/><line number="41" hits="24"/><line number="43" hits="27"/><line number="44" hits="9"/><line number="47" hits="4"/><line number="48" hits="1"/><line number="50" hits="30"/><line number="51" hits="10"/><line number="53" hits="16"/><line number="54" hits="4"/></lines></class><class name="queue" filename="src/queue.rs" line-rate="1" branch-rate="0" complexity="0"><methods/><lines><line number="29" hits="4"/><line number="30" hits="1"/><line number="31" hits="7"/><line number="32" hits="2"/><line number="34" hits="1"/><line number="35" hits="2"/><line number="37" hits="1"/><line number="38" hits="1"/><line number="39" hits="1"/><line number="43" hits="1"/><line number="47" hits="4"/><line number="49" hits="3"/><line number="50" hits="2"/><line number="51" hits="2"/><line number="52" hits="1"/><line number="53" hits="1"/><line number="54" hits="1"/></lines></class></classes></package><package name="src/api" line-rate="1" branch-rate="0" complexity="0"><classes><class name="audit" filename="src/api/audit.rs" line-rate="1" branch-rate="0" complexity="0"><methods/><lines><line number="19" hits="4"/><line number="25" hits="12"/><line number="26" hits="16"/><line number="29" hits="6"/><line number="30" hits="1"/><line number="33" hits="6"/><line number="34" hits="6"/><line number="36" hits="10"/><line number="37" hits="4"/><line number="41" hits="5"/><line number="42" hits="40"/></lines></class><class name="auth" filename="src/api/auth.rs" line-rate="1" branch-rate="0" complexity="0"><methods/><lines><line number="43" hits="3"/><line number="50" hits="6"/><line number="51" hits="3"/><line number="54" hits="3"/><line number="55" hits="3"/><line number="56" hits="3"/><line number="58" hits="3"/><line number="62" hits="5"/><line number="63" hits="15"/><line number="64" hits="10"/><line number="65" hits="10"/><line number="66" hits="15"/><line number="67" hits="5"/><line number="68" hits="5"/><line number="72" hits="3"/><line number="73" hits="5"/><line number="74" hits="4"/><line number="75" hits="4"/><line number="78" hits="1"/><line number="92" hits="3"/><line number="97" hits="8"/><line number="98" hits="4"/><line number="100" hits="1"/><line number="103" hits="8"/><line number="105" hits="6"/><line number="106" hits="9"/><line number="107" hits="6"/><line number="108" hits="3"/><line number="110" hits="3"/><line number="111" hits="4"/><line number="113" hits="10"/><line number="115" hits="4"/><line number="128" hits="6"/><line number="133" hits="24"/><line number="134" hits="4"/><line number="135" hits="7"/><line number="136" hits="5"/><line number="137" hits="6"/><line number="138" hits="1"/><line number="139" hits="4"/><line number="140" hits="2"/><line number="144" hits="3"/><line number="146" hits="2"/><line number="151" hits="10"/><line number="152" hits="20"/><line number="153" hits="20"/><line number="154" hits="40"/><line number="155" hits="40"/></lines></class><class name="auth_middleware" filename="src/api/auth_middleware.rs" line-rate="1" branch-rate="0" complexity="0"><methods/><lines><line number="37" hits="25"/><line number="40" hits="75"/><line number="41" hits="9"/><line number="42" hits="44"/><line number="45" hits="125"/><line number="47" hits="25"/><line number="48" hits="24"/><line number="49" hits="72"/><line number="50" hits="48"/><line number="51" hits="48"/><line number="52" hits="24"/><line number="53" hits="24"/><line number="55" hits="69"/><line number="56" hits="23"/><line number="57" hits="23"/><line number="59" hits="2"/><line number="62" hits="3"/><line number="72" hits="23"/><line number="76" hits="46"/><line number="77" hits="23"/><line number="79" hits="23"/><line number="80" hits="23"/><line number="81" hits="23"/><line number="82" hits="23"/></lines></class><class name="mod" filename="src/api/mod.rs" line-rate="1" branch-rate="0" complexity="0"><methods/><lines><line number="13" hits="1"/><line number="14" hits="2"/><line number="15" hits="2"/><line number="16" hits="4"/><line number="17" hits="1"/><line number="18" hits="1"/><line number="19" hits="1"/><line number="20" hits="1"/><line number="21" hits="1"/><line number="26" hits="2"/><line number="27" hits="3"/><line number="28" hits="1"/></lines></class><class name="orgs" filename="src/api/orgs.rs" line-rate="1" branch-rate="0" complexity="0"><methods/><lines><line number="18" hits="2"/><line number="23" hits="5"/><line number="24" hits="10"/><line number="25" hits="3"/><line number="26" hits="5"/><line number="27" hits="1"/><line number="28" hits="2"/><line number="32" hits="4"/><line number="37" hits="12"/><line number="38" hits="16"/><line number="39" hits="6"/><line number="40" hits="1"/><line number="43" hits="4"/><line number="44" hits="3"/><line number="45" hits="1"/><line number="46" hits="1"/><line number="52" hits="7"/><line number="53" hits="14"/><line number="54" hits="14"/><line number="55" hits="28"/><line number="56" hits="28"/></lines></class><class name="repos" filename="src/api/repos.rs" line-rate="1" branch-rate="0" complexity="0"><methods/><lines><line number="18" hits="3"/><line number="24" hits="9"/><line number="25" hits="12"/><line number="26" hits="4"/><line number="27" hits="1"/><line number="30" hits="3"/><line number="32" hits="2"/><line number="33" hits="2"/><line number="34" hits="3"/><line number="35" hits="1"/><line number="37" hits="1"/><line number="38" hits="2"/><line number="42" hits="4"/><line number="47" hits="12"/><line number="48" hits="16"/><line number="49" hits="8"/><line number="50" hits="1"/><line number="53" hits="6"/><line number="54" hits="2"/><line number="55" hits="2"/><line number="56" hits="1"/><line number="58" hits="2"/><line number="60" hits="1"/><line number="65" hits="8"/><line number="66" hits="16"/><line number="67" hits="16"/><line number="68" hits="32"/><line number="69" hits="32"/></lines></class><class name="tokens" filename="src/api/tokens.rs" line-rate="1" branch-rate="0" complexity="0"><methods/><lines><line number="21" hits="2"/><line number="27" hits="8"/><line number="28" hits="10"/><line number="29" hits="3"/><line number="30" hits="3"/><line number="34" hits="1"/><line number="38" hits="3"/><line number="39" hits="6"/><line number="40" hits="2"/><line number="44" hits="1"/><line number="49" hits="3"/><line number="50" hits="3"/><line number="51" hits="1"/><line number="55" hits="5"/><line number="56" hits="10"/><line number="57" hits="10"/><line number="58" hits="20"/><line number="59" hits="20"/><line number="60" hits="20"/></lines></class></classes></package><package name="src/db" line-rate="1" branch-rate="0" complexity="0"><classes><class name="repository" filename="src/db/repository.rs" line-rate="1" branch-rate="0" complexity="0"><methods/><lines><line number="147" hits="21"/><line number="151" hits="63"/><line number="163" hits="1"/><line number="165" hits="1"/><line number="166" hits="1"/><line number="167" hits="4"/><line number="168" hits="2"/><line number="169" hits="1"/><line number="175" hits="2"/><line number="177" hits="12"/><line number="190" hits="1"/><line number="191" hits="2"/><line number="192" hits="2"/><line number="193" hits="2"/><line number="194" hits="2"/><line number="195" hits="1"/><line number="197" hits="2"/><line number="198" hits="2"/><line number="199" hits="2"/><line number="212" hits="1"/><line number="213" hits="2"/><line number="214" hits="2"/><line number="215" hits="2"/><line number="216" hits="1"/><line number="217" hits="1"/><line number="219" hits="2"/><line number="220" hits="2"/><line number="221" hits="2"/><line number="222" hits="1"/><line number="223" hits="6"/><line number="224" hits="2"/><line number="237" hits="1"/><line number="238" hits="2"/><line number="239" hits="2"/><line number="240" hits="2"/><line number="241" hits="1"/><line number="243" hits="2"/><line number="244" hits="2"/><line number="245" hits="2"/><line number="258" hits="1"/><line number="259" hits="2"/><line number="260" hits="2"/><line number="261" hits="2"/><line number="262" hits="1"/><line number="264" hits="2"/><line number="265" hits="2"/><line number="266" hits="2"/><line number="267" hits="1"/><line number="268" hits="2"/><line number="269" hits="4"/><line number="270" hits="3"/><line number="272" hits="2"/><line number="278" hits="1"/><line number="280" hits="1"/><line number="281" hits="1"/><line number="282" hits="2"/><line number="283" hits="2"/><line number="284" hits="1"/><line number="297" hits="1"/><line number="298" hits="2"/><line number="299" hits="2"/><line number="300" hits="1"/><line number="301" hits="1"/><line number="303" hits="2"/><line number="304" hits="2"/><line number="305" hits="2"/><line number="306" hits="1"/><line number="307" hits="1"/><line number="309" hits="1"/><line number="310" hits="4"/><line number="311" hits="2"/><line number="317" hits="1"/><line number="319" hits="1"/><line number="320" hits="1"/><line number="321" hits="4"/><line number="322" hits="4"/><line number="323" hits="2"/><line number="324" hits="2"/><line number="325" hits="1"/><line number="339" hits="1"/><line number="340" hits="2"/><line number="341" hits="2"/><line number="342" hits="2"/><line number="343" hits="2"/><line number="344" hits="1"/><line number="346" hits="2"/><line number="347" hits="2"/><line number="348" hits="2"/><line number="362" hits="1"/><line number="363" hits="2"/><line number="364" hits="2"/><line number="365" hits="2"/><line number="366" hits="2"/><line number="367" hits="1"/><line number="369" hits="2"/><line number="370" hits="2"/><line number="371" hits="2"/><line number="372" hits="1"/><line number="373" hits="2"/><line number="374" hits="4"/><line number="375" hits="5"/><line number="376" hits="2"/><line number="378" hits="2"/><line number="384" hits="1"/><line number="386" hits="1"/><line number="387" hits="1"/><line number="388" hits="2"/><line number="389" hits="2"/><line number="390" hits="1"/><line number="405" hits="1"/><line number="406" hits="2"/><line number="407" hits="2"/><line number="408" hits="2"/><line number="409" hits="2"/><line number="410" hits="3"/><line number="411" hits="1"/><line number="413" hits="2"/><line number="414" hits="2"/><line number="415" hits="2"/><line number="430" hits="1"/><line number="431" hits="2"/><line number="432" hits="2"/><line number="433" hits="2"/><line number="434" hits="2"/><line number="435" hits="3"/><line number="436" hits="1"/><line number="438" hits="2"/><line number="439" hits="2"/><line number="440" hits="2"/><line number="441" hits="1"/><line number="442" hits="2"/><line number="443" hits="4"/><line number="444" hits="5"/><line number="445" hits="5"/><line number="446" hits="2"/><line number="448" hits="2"/><line number="461" hits="1"/><line number="462" hits="2"/><line number="463" hits="2"/><line number="464" hits="1"/><line number="465" hits="1"/><line number="467" hits="2"/><line number="468" hits="2"/><line number="469" hits="2"/><line number="470" hits="1"/><line number="471" hits="4"/><line number="472" hits="2"/><line number="478" hits="2"/><line number="480" hits="2"/><line number="481" hits="2"/><line number="482" hits="8"/><line number="483" hits="4"/><line number="489" hits="1"/><line number="491" hits="1"/><line number="492" hits="1"/><line number="493" hits="1"/><line number="494" hits="4"/><line number="495" hits="4"/><line number="497" hits="2"/><line number="513" hits="1"/><line number="514" hits="2"/><line number="515" hits="2"/><line number="516" hits="2"/><line number="517" hits="2"/><line number="518" hits="1"/><line number="519" hits="1"/><line number="521" hits="2"/><line number="522" hits="2"/><line number="523" hits="2"/><line number="536" hits="1"/><line number="537" hits="1"/><line number="538" hits="4"/><line number="539" hits="3"/><line number="540" hits="2"/><line number="541" hits="2"/><line number="542" hits="2"/></lines></class></classes></package><package name="cdd-ctl-clone/src/bin" line-rate="0" branch-rate="0" complexity="0"><classes></classes></package><package name="cdd-ctl-clone/src" line-rate="0" branch-rate="0" complexity="0"><classes></classes></package></packages></coverage>