TN:
SF:/Users/samuel/repos/cdd-control-plane/src/api/audit.rs
FN:19,list_audit_logs
FN:41,configure
FNF:2
FNDA:4,list_audit_logs
FNDA:5,configure
DA:19,4
DA:25,12
DA:26,16
DA:29,6
DA:30,1
DA:33,6
DA:34,6
DA:36,10
DA:37,4
DA:41,5
DA:42,40
LF:11
LH:11
end_of_record
TN:
SF:/Users/samuel/repos/cdd-control-plane/src/api/auth.rs
FN:43,generate_token
FN:62,hash_password
FN:72,verify_password
FN:92,register
FN:128,login_password
FN:151,configure
FNF:6
FNDA:3,generate_token
FNDA:5,hash_password
FNDA:3,verify_password
FNDA:3,register
FNDA:6,login_password
FNDA:10,configure
DA:43,3
DA:50,6
DA:51,3
DA:54,3
DA:55,3
DA:56,3
DA:58,3
DA:62,5
DA:63,15
DA:64,10
DA:65,10
DA:66,15
DA:67,5
DA:68,5
DA:72,3
DA:73,5
DA:74,4
DA:75,4
DA:78,1
DA:92,3
DA:97,8
DA:98,4
DA:100,1
DA:103,8
DA:105,6
DA:106,9
DA:107,6
DA:108,3
DA:110,3
DA:111,4
DA:113,10
DA:115,4
DA:128,6
DA:133,24
DA:134,4
DA:135,7
DA:136,5
DA:137,6
DA:138,1
DA:139,4
DA:140,2
DA:144,3
DA:146,2
DA:151,10
DA:152,20
DA:153,20
DA:154,40
DA:155,40
LF:48
LH:48
end_of_record
TN:
SF:/Users/samuel/repos/cdd-control-plane/src/api/auth_middleware.rs
FN:37,<impl FromRequest for AuthenticatedUser>::from_request
FN:72,generate_test_token
FNF:2
FNDA:25,<impl FromRequest for AuthenticatedUser>::from_request
FNDA:23,generate_test_token
DA:37,25
DA:40,75
DA:41,9
DA:42,44
DA:45,125
DA:47,25
DA:48,24
DA:49,72
DA:50,48
DA:51,48
DA:52,24
DA:53,24
DA:55,69
DA:56,23
DA:57,23
DA:59,2
DA:62,3
DA:72,23
DA:76,46
DA:77,23
DA:79,23
DA:80,23
DA:81,23
DA:82,23
LF:24
LH:24
end_of_record
TN:
SF:/Users/samuel/repos/cdd-control-plane/src/api/mod.rs
FN:13,configure
FN:26,health_check
FNF:2
FNDA:1,configure
FNDA:2,health_check
DA:13,1
DA:14,2
DA:15,2
DA:16,4
DA:17,1
DA:18,1
DA:19,1
DA:20,1
DA:21,1
DA:26,2
DA:27,3
DA:28,1
LF:12
LH:12
end_of_record
TN:
SF:/Users/samuel/repos/cdd-control-plane/src/api/orgs.rs
FN:18,create_org
FN:32,get_org
FN:52,configure
FNF:3
FNDA:2,create_org
FNDA:4,get_org
FNDA:7,configure
DA:18,2
DA:23,5
DA:24,10
DA:25,3
DA:26,5
DA:27,1
DA:28,2
DA:32,4
DA:37,12
DA:38,16
DA:39,6
DA:40,1
DA:43,4
DA:44,3
DA:45,1
DA:46,1
DA:52,7
DA:53,14
DA:54,14
DA:55,28
DA:56,28
LF:21
LH:21
end_of_record
TN:
SF:/Users/samuel/repos/cdd-control-plane/src/api/repos.rs
FN:18,create_repo
FN:42,get_repo
FN:65,configure
FNF:3
FNDA:3,create_repo
FNDA:4,get_repo
FNDA:8,configure
DA:18,3
DA:24,9
DA:25,12
DA:26,4
DA:27,1
DA:30,3
DA:32,2
DA:33,2
DA:34,3
DA:35,1
DA:37,1
DA:38,2
DA:42,4
DA:47,12
DA:48,16
DA:49,8
DA:50,1
DA:53,6
DA:54,2
DA:55,2
DA:56,1
DA:58,2
DA:60,1
DA:65,8
DA:66,16
DA:67,16
DA:68,32
DA:69,32
LF:28
LH:28
end_of_record
TN:
SF:/Users/samuel/repos/cdd-control-plane/src/api/tokens.rs
FN:21,store_token
FN:34,list_tokens
FN:44,delete_token
FN:55,configure
FNF:4
FNDA:2,store_token
FNDA:1,list_tokens
FNDA:1,delete_token
FNDA:5,configure
DA:21,2
DA:27,8
DA:28,10
DA:29,3
DA:30,3
DA:34,1
DA:38,3
DA:39,6
DA:40,2
DA:44,1
DA:49,3
DA:50,3
DA:51,1
DA:55,5
DA:56,10
DA:57,10
DA:58,20
DA:59,20
DA:60,20
LF:19
LH:19
end_of_record
TN:
SF:/Users/samuel/repos/cdd-control-plane/src/config.rs
FN:38,AppConfig::load
FNF:1
FNDA:14,AppConfig::load
DA:38,14
DA:39,28
DA:41,14
DA:43,14
DA:45,14
DA:47,14
DA:49,14
DA:51,16
DA:52,5
DA:55,14
DA:56,70
DA:58,14
DA:60,14
LF:13
LH:13
end_of_record
TN:
SF:/Users/samuel/repos/cdd-control-plane/src/crypto.rs
FN:15,encrypt_github_secret
FN:38,encrypt_local_secret
FN:61,decrypt_local_secret
FNF:3
FNDA:3,encrypt_github_secret
FNDA:3,encrypt_local_secret
FNDA:3,decrypt_local_secret
DA:15,3
DA:19,5
DA:20,6
DA:21,4
DA:23,2
DA:24,1
DA:27,2
DA:28,3
DA:29,3
DA:31,2
DA:32,3
DA:33,1
DA:34,2
DA:38,3
DA:42,6
DA:43,9
DA:44,12
DA:45,9
DA:47,9
DA:48,9
DA:49,9
DA:51,6
DA:52,12
DA:53,3
DA:55,6
DA:56,9
DA:57,6
DA:61,3
DA:65,6
DA:66,9
DA:67,12
DA:68,9
DA:70,9
DA:71,9
DA:73,5
DA:74,6
DA:75,4
DA:76,2
DA:77,1
DA:80,3
DA:81,2
DA:82,3
DA:83,1
DA:85,3
LF:44
LH:44
end_of_record
TN:
SF:/Users/samuel/repos/cdd-control-plane/src/db/repository.rs
FN:147,PgRepository::get_conn
FN:163,<impl CddRepository for PgRepository>::find_user_by_username
FN:175,<impl CddRepository for PgRepository>::find_user_by_id
FN:190,<impl CddRepository for PgRepository>::create_user
FN:212,<impl CddRepository for PgRepository>::upsert_user
FN:237,<impl CddRepository for PgRepository>::create_organization
FN:258,<impl CddRepository for PgRepository>::upsert_organization
FN:278,<impl CddRepository for PgRepository>::get_organization
FN:297,<impl CddRepository for PgRepository>::add_user_to_organization
FN:317,<impl CddRepository for PgRepository>::get_user_role
FN:339,<impl CddRepository for PgRepository>::create_repository
FN:362,<impl CddRepository for PgRepository>::upsert_repository
FN:384,<impl CddRepository for PgRepository>::get_repository
FN:405,<impl CddRepository for PgRepository>::create_release
FN:430,<impl CddRepository for PgRepository>::upsert_release
FN:461,<impl CddRepository for PgRepository>::upsert_user_token
FN:478,<impl CddRepository for PgRepository>::list_user_tokens
FN:489,<impl CddRepository for PgRepository>::delete_user_token
FN:513,<impl CddRepository for PgRepository>::create_audit_log
FN:536,<impl CddRepository for PgRepository>::list_audit_logs
FNF:20
FNDA:22,PgRepository::get_conn
FNDA:1,<impl CddRepository for PgRepository>::find_user_by_username
FNDA:2,<impl CddRepository for PgRepository>::find_user_by_id
FNDA:1,<impl CddRepository for PgRepository>::create_user
FNDA:1,<impl CddRepository for PgRepository>::upsert_user
FNDA:1,<impl CddRepository for PgRepository>::create_organization
FNDA:1,<impl CddRepository for PgRepository>::upsert_organization
FNDA:1,<impl CddRepository for PgRepository>::get_organization
FNDA:1,<impl CddRepository for PgRepository>::add_user_to_organization
FNDA:1,<impl CddRepository for PgRepository>::get_user_role
FNDA:1,<impl CddRepository for PgRepository>::create_repository
FNDA:1,<impl CddRepository for PgRepository>::upsert_repository
FNDA:1,<impl CddRepository for PgRepository>::get_repository
FNDA:1,<impl CddRepository for PgRepository>::create_release
FNDA:1,<impl CddRepository for PgRepository>::upsert_release
FNDA:1,<impl CddRepository for PgRepository>::upsert_user_token
FNDA:2,<impl CddRepository for PgRepository>::list_user_tokens
FNDA:1,<impl CddRepository for PgRepository>::delete_user_token
FNDA:1,<impl CddRepository for PgRepository>::create_audit_log
FNDA:1,<impl CddRepository for PgRepository>::list_audit_logs
DA:147,22
DA:151,66
DA:163,1
DA:165,1
DA:166,1
DA:167,4
DA:168,2
DA:169,1
DA:175,2
DA:177,12
DA:190,1
DA:191,2
DA:192,2
DA:193,2
DA:194,2
DA:195,1
DA:197,2
DA:198,2
DA:199,2
DA:212,1
DA:213,2
DA:214,2
DA:215,2
DA:216,1
DA:217,1
DA:219,2
DA:220,2
DA:221,2
DA:222,1
DA:223,6
DA:224,2
DA:237,1
DA:238,2
DA:239,2
DA:240,2
DA:241,1
DA:243,2
DA:244,2
DA:245,2
DA:258,1
DA:259,2
DA:260,2
DA:261,2
DA:262,1
DA:264,2
DA:265,2
DA:266,2
DA:267,1
DA:268,2
DA:269,4
DA:270,3
DA:272,2
DA:278,1
DA:280,1
DA:281,1
DA:282,2
DA:283,2
DA:284,1
DA:297,1
DA:298,2
DA:299,2
DA:300,1
DA:301,1
DA:303,2
DA:304,2
DA:305,2
DA:306,1
DA:307,1
DA:309,1
DA:310,4
DA:311,2
DA:317,1
DA:319,1
DA:320,1
DA:321,4
DA:322,4
DA:323,2
DA:324,2
DA:325,1
DA:339,1
DA:340,2
DA:341,2
DA:342,2
DA:343,2
DA:344,1
DA:346,2
DA:347,2
DA:348,2
DA:362,1
DA:363,2
DA:364,2
DA:365,2
DA:366,2
DA:367,1
DA:369,2
DA:370,2
DA:371,2
DA:372,1
DA:373,2
DA:374,4
DA:375,5
DA:376,2
DA:378,2
DA:384,1
DA:386,1
DA:387,1
DA:388,2
DA:389,2
DA:390,1
DA:405,1
DA:406,2
DA:407,2
DA:408,2
DA:409,2
DA:410,3
DA:411,1
DA:413,2
DA:414,2
DA:415,2
DA:430,1
DA:431,2
DA:432,2
DA:433,2
DA:434,2
DA:435,3
DA:436,1
DA:438,2
DA:439,2
DA:440,2
DA:441,1
DA:442,2
DA:443,4
DA:444,5
DA:445,5
DA:446,2
DA:448,2
DA:461,1
DA:462,2
DA:463,2
DA:464,1
DA:465,1
DA:467,2
DA:468,2
DA:469,2
DA:470,1
DA:471,4
DA:472,2
DA:478,2
DA:480,2
DA:481,2
DA:482,8
DA:483,4
DA:489,1
DA:491,1
DA:492,1
DA:493,1
DA:494,4
DA:495,4
DA:497,2
DA:513,1
DA:514,2
DA:515,2
DA:516,2
DA:517,2
DA:518,1
DA:519,1
DA:521,2
DA:522,2
DA:523,2
DA:536,1
DA:537,1
DA:538,4
DA:539,3
DA:540,2
DA:541,2
DA:542,2
LF:176
LH:176
end_of_record
TN:
SF:/Users/samuel/repos/cdd-control-plane/src/error.rs
FN:40,<impl ResponseError for Error>::error_response
FNF:1
FNDA:24,<impl ResponseError for Error>::error_response
DA:40,24
DA:41,24
DA:43,27
DA:44,9
DA:47,4
DA:48,1
DA:50,30
DA:51,10
DA:53,16
DA:54,4
LF:10
LH:10
end_of_record
TN:
SF:/Users/samuel/repos/cdd-control-plane/src/queue.rs
FN:29,QueueClient::new
FN:43,QueueClient::enqueue_release_sdk
FNF:2
FNDA:4,QueueClient::new
FNDA:1,QueueClient::enqueue_release_sdk
DA:29,4
DA:30,1
DA:31,7
DA:32,2
DA:34,1
DA:35,2
DA:37,1
DA:38,1
DA:39,1
DA:43,1
DA:47,4
DA:49,3
DA:50,2
DA:51,2
DA:52,1
DA:53,1
DA:54,1
LF:17
LH:17
end_of_record
